{
  "0 debug pnpm:scope": {
    "selected": 1
  },
  "1 error pnpm": {
    "code": "ELIFECYCLE",
    "errno": "ENOENT",
    "syscall": "spawn",
    "file": "sh",
    "pkgid": "wp5-starter-vue-3@1.0.0",
    "stage": "start",
    "script": "webpack-dev-server --open --mode development",
    "pkgname": "wp5-starter-vue-3",
    "err": {
      "name": "pnpm",
      "message": "wp5-starter-vue-3@1.0.0 start: `webpack-dev-server --open --mode development`\nspawn ENOENT",
      "code": "ELIFECYCLE",
      "stack": "pnpm: wp5-starter-vue-3@1.0.0 start: `webpack-dev-server --open --mode development`\nspawn ENOENT\n    at ChildProcess.<anonymous> (/Users/isabolic/Library/pnpm-global/5/node_modules/.pnpm/pnpm@7.3.0/node_modules/pnpm/dist/pnpm.cjs:94974:22)\n    at ChildProcess.emit (node:events:527:28)\n    at maybeClose (node:internal/child_process:1092:16)\n    at Process.ChildProcess._handle.onexit (node:internal/child_process:302:5)"
    }
  },
  "2 warn pnpm:global": " Local package.json exists, but node_modules missing, did you mean to install?"
}